<?xml version="1.0" encoding="UTF-8"?>
<!-- Generated by org.testng.reporters.JUnitXMLReporter -->
<testsuite ignored="0" hostname="DESKTOP-J11RMNP" failures="0" tests="3" name="Default test" time="4.242" errors="0" timestamp="2025-08-17T14:49:36 WAT">
  <testcase classname="tests.UserRegistrationTestWithJavaFaker" name="UserCanRegisterSuccssfully" time="2.232"/>
  <testcase classname="tests.UserRegistrationTestWithJavaFaker" name="RegisteredUserCanLogout" time="0.742"/>
  <testcase classname="tests.UserRegistrationTestWithJavaFaker" name="RegisteredUserCanLogin" time="1.239"/>
</testsuite> <!-- Default test -->
