<?xml version="1.0" encoding="UTF-8"?>
<!-- Generated by org.testng.reporters.JUnitXMLReporter -->
<testsuite ignored="0" hostname="DESKTOP-J11RMNP" failures="0" tests="3" name="Edge Regression Test" time="0.086" errors="0" timestamp="2025-08-22T02:52:57 WAT">
  <testcase classname="tests.TestBase2" name="@BeforeMethod setUp" time="0.008">
    <failure type="java.lang.IllegalArgumentException" message="Browser not supported: firefox">
      <![CDATA[java.lang.IllegalArgumentException: Browser not supported: firefox
at tests.TestBase2.setUp(TestBase2.java:48)
at java.base/java.util.ArrayList.forEach(ArrayList.java:1511)
at java.base/java.util.concurrent.FutureTask.run(FutureTask.java:264)
at java.base/java.util.concurrent.ThreadPoolExecutor.runWorker(ThreadPoolExecutor.java:1136)
at java.base/java.util.concurrent.ThreadPoolExecutor$Worker.run(ThreadPoolExecutor.java:635)
at java.base/java.lang.Thread.run(Thread.java:833)
... Removed 21 stack frames]]>
    </failure>
  </testcase> <!-- @BeforeMethod setUp -->
  <testcase classname="tests.TestBase2" name="@AfterMethod stopDriver" time="0.0">
    <skipped/>
  </testcase> <!-- @AfterMethod stopDriver -->
  <testcase classname="tests.UserRegistrationParallelTesting" name="UserCanRegisterSuccssfully" time="0.0">
    <skipped/>
  </testcase> <!-- UserCanRegisterSuccssfully -->
  <testcase classname="tests.UserRegistrationParallelTesting" name="RegisteredUserCanLogout" time="0.0">
    <skipped/>
  </testcase> <!-- RegisteredUserCanLogout -->
  <testcase classname="tests.UserRegistrationParallelTesting" name="RegisteredUserCanLogin" time="0.0">
    <skipped/>
  </testcase> <!-- RegisteredUserCanLogin -->
</testsuite> <!-- Edge Regression Test -->
