<?xml version="1.0" encoding="UTF-8"?>
<testng-results ignored="0" total="1" passed="1" failed="0" skipped="0">
  <reporter-output>
  </reporter-output>
  <suite started-at="2025-08-27T16:33:30 WAT" name="Regression Suite" finished-at="2025-08-27T16:33:32 WAT" duration-ms="1817">
    <groups>
    </groups>
    <test started-at="2025-08-27T16:33:30 WAT" name="Regression Test" finished-at="2025-08-27T16:33:32 WAT" duration-ms="1817">
      <class name="tests.ContactUsTest">
        <test-method is-config="true" signature="startDriver(java.lang.String)[pri:0, instance:tests.ContactUsTest@4733662d]" started-at="2025-08-27T16:33:25 WAT" name="startDriver" finished-at="2025-08-27T16:33:30 WAT" duration-ms="4871" status="PASS">
          <params>
            <param index="0">
              <value>
                <![CDATA[edge]]>
              </value>
            </param>
          </params>
          <reporter-output>
          </reporter-output>
        </test-method> <!-- startDriver -->
        <test-method signature="UserCanUseContactUs()[pri:0, instance:tests.ContactUsTest@4733662d]" started-at="2025-08-27T16:33:30 WAT" name="UserCanUseContactUs" finished-at="2025-08-27T16:33:32 WAT" duration-ms="1703" status="PASS">
          <reporter-output>
          </reporter-output>
        </test-method> <!-- UserCanUseContactUs -->
        <test-method is-config="true" signature="screenshotOnFailure(org.testng.ITestResult)[pri:0, instance:tests.ContactUsTest@4733662d]" started-at="2025-08-27T16:33:32 WAT" name="screenshotOnFailure" finished-at="2025-08-27T16:33:32 WAT" duration-ms="2" status="PASS">
          <params>
            <param index="0">
              <value>
                <![CDATA[[TestResult name=UserCanUseContactUs status=SUCCESS method=ContactUsTest.UserCanUseContactUs()[pri:0, instance:tests.ContactUsTest@4733662d] output={null}]]]>
              </value>
            </param>
          </params>
          <reporter-output>
          </reporter-output>
        </test-method> <!-- screenshotOnFailure -->
        <test-method is-config="true" signature="stopDriver()[pri:0, instance:tests.ContactUsTest@4733662d]" started-at="2025-08-27T16:33:32 WAT" name="stopDriver" finished-at="2025-08-27T16:33:32 WAT" duration-ms="181" status="PASS">
          <reporter-output>
          </reporter-output>
        </test-method> <!-- stopDriver -->
      </class> <!-- tests.ContactUsTest -->
    </test> <!-- Regression Test -->
  </suite> <!-- Regression Suite -->
</testng-results>
