<?xml version="1.0" encoding="UTF-8"?>
<testng-results ignored="0" total="1" passed="1" failed="0" skipped="0">
  <reporter-output>
  </reporter-output>
  <suite started-at="2025-08-11T00:37:46 WAT" name="Default suite" finished-at="2025-08-11T00:37:47 WAT" duration-ms="952">
    <groups>
    </groups>
    <test started-at="2025-08-11T00:37:46 WAT" name="Default test" finished-at="2025-08-11T00:37:47 WAT" duration-ms="952">
      <class name="tests.UserRegistrationTest">
        <test-method is-config="true" signature="startDriver()[pri:0, instance:tests.UserRegistrationTest@63376bed]" started-at="2025-08-11T00:37:44 WAT" name="startDriver" finished-at="2025-08-11T00:37:46 WAT" duration-ms="2212" status="PASS">
          <reporter-output>
          </reporter-output>
        </test-method> <!-- startDriver -->
        <test-method signature="UserCanRegisterSuccessfully()[pri:0, instance:tests.UserRegistrationTest@63376bed]" started-at="2025-08-11T00:37:46 WAT" name="UserCanRegisterSuccessfully" finished-at="2025-08-11T00:37:47 WAT" duration-ms="933" status="PASS">
          <reporter-output>
          </reporter-output>
        </test-method> <!-- UserCanRegisterSuccessfully -->
        <test-method is-config="true" signature="stopDriver()[pri:0, instance:tests.UserRegistrationTest@63376bed]" started-at="2025-08-11T00:37:47 WAT" name="stopDriver" finished-at="2025-08-11T00:37:47 WAT" duration-ms="100" status="PASS">
          <reporter-output>
          </reporter-output>
        </test-method> <!-- stopDriver -->
      </class> <!-- tests.UserRegistrationTest -->
    </test> <!-- Default test -->
  </suite> <!-- Default suite -->
</testng-results>
