<?xml version="1.0" encoding="UTF-8"?>
<testng-results ignored="0" total="1" passed="1" failed="0" skipped="0">
  <reporter-output>
  </reporter-output>
  <suite started-at="2025-08-26T19:22:01 WAT" name="Default suite" finished-at="2025-08-26T19:22:03 WAT" duration-ms="1306">
    <groups>
    </groups>
    <test started-at="2025-08-26T19:22:01 WAT" name="Default test" finished-at="2025-08-26T19:22:03 WAT" duration-ms="1306">
      <class name="tests.ContactUsTest">
        <test-method is-config="true" signature="startDriver(java.lang.String)[pri:0, instance:tests.ContactUsTest@3b45a3e6]" started-at="2025-08-26T19:21:57 WAT" name="startDriver" finished-at="2025-08-26T19:22:01 WAT" duration-ms="3955" status="PASS">
          <params>
            <param index="0">
              <value>
                <![CDATA[edge]]>
              </value>
            </param>
          </params>
          <reporter-output>
          </reporter-output>
        </test-method> <!-- startDriver -->
        <test-method signature="UserCanUseContactUs()[pri:0, instance:tests.ContactUsTest@3b45a3e6]" started-at="2025-08-26T19:22:01 WAT" name="UserCanUseContactUs" finished-at="2025-08-26T19:22:02 WAT" duration-ms="1223" status="PASS">
          <reporter-output>
          </reporter-output>
        </test-method> <!-- UserCanUseContactUs -->
        <test-method is-config="true" signature="screenshotOnFailure(org.testng.ITestResult)[pri:0, instance:tests.ContactUsTest@3b45a3e6]" started-at="2025-08-26T19:22:03 WAT" name="screenshotOnFailure" finished-at="2025-08-26T19:22:03 WAT" duration-ms="1" status="PASS">
          <params>
            <param index="0">
              <value>
                <![CDATA[[TestResult name=UserCanUseContactUs status=SUCCESS method=ContactUsTest.UserCanUseContactUs()[pri:0, instance:tests.ContactUsTest@3b45a3e6] output={null}]]]>
              </value>
            </param>
          </params>
          <reporter-output>
          </reporter-output>
        </test-method> <!-- screenshotOnFailure -->
        <test-method is-config="true" signature="stopDriver()[pri:0, instance:tests.ContactUsTest@3b45a3e6]" started-at="2025-08-26T19:22:03 WAT" name="stopDriver" finished-at="2025-08-26T19:22:03 WAT" duration-ms="120" status="PASS">
          <reporter-output>
          </reporter-output>
        </test-method> <!-- stopDriver -->
      </class> <!-- tests.ContactUsTest -->
    </test> <!-- Default test -->
  </suite> <!-- Default suite -->
</testng-results>
